<?xml version="1.0" encoding="UTF-8"?>
<testng-results skipped="0" failed="1" ignored="0" total="5" passed="4">
  <reporter-output>
  </reporter-output>
  <suite name="Command line suite" duration-ms="212089" started-at="2019-03-18T15:16:21 CST" finished-at="2019-03-18T15:19:53 CST">
    <groups>
    </groups>
    <test name="Command line test" duration-ms="212089" started-at="2019-03-18T15:16:21 CST" finished-at="2019-03-18T15:19:53 CST">
      <class name="test.java.LoginWeaveSocksTest">
        <test-method status="PASS" signature="setUp()[pri:0, instance:test.java.LoginWeaveSocksTest@1ec318]" name="setUp" is-config="true" duration-ms="2588" started-at="2019-03-18T15:19:21 CST" finished-at="2019-03-18T15:19:24 CST">
          <reporter-output>
          </reporter-output>
        </test-method> <!-- setUp -->
        <test-method status="PASS" signature="LoginTestBasicFlow()[pri:0, instance:test.java.LoginWeaveSocksTest@1ec318]" name="LoginTestBasicFlow" duration-ms="28363" started-at="2019-03-18T15:19:24 CST" finished-at="2019-03-18T15:19:52 CST">
          <reporter-output>
          </reporter-output>
        </test-method> <!-- LoginTestBasicFlow -->
        <test-method status="PASS" signature="afterclass()[pri:0, instance:test.java.LoginWeaveSocksTest@1ec318]" name="afterclass" is-config="true" duration-ms="712" started-at="2019-03-18T15:19:52 CST" finished-at="2019-03-18T15:19:53 CST">
          <reporter-output>
          </reporter-output>
        </test-method> <!-- afterclass -->
      </class> <!-- test.java.LoginWeaveSocksTest -->
      <class name="test.java.CheckOutWeaveSocksTest">
        <test-method status="PASS" signature="setUp()[pri:0, instance:test.java.CheckOutWeaveSocksTest@bdf5e5]" name="setUp" is-config="true" duration-ms="2438" started-at="2019-03-18T15:16:54 CST" finished-at="2019-03-18T15:16:57 CST">
          <reporter-output>
          </reporter-output>
        </test-method> <!-- setUp -->
        <test-method status="FAIL" signature="CheckOutTestAlternativeFlow1()[pri:0, instance:test.java.CheckOutWeaveSocksTest@bdf5e5]" name="CheckOutTestAlternativeFlow1" duration-ms="38371" started-at="2019-03-18T15:16:57 CST" finished-at="2019-03-18T15:17:35 CST">
          <exception class="java.lang.AssertionError">
            <message>
              <![CDATA[expected [Could not place order. Missing shipping or payment information.1] but found [Could not place order. Missing shipping or payment information.]]]>
            </message>
            <full-stacktrace>
              <![CDATA[java.lang.AssertionError: expected [Could not place order. Missing shipping or payment information.1] but found [Could not place order. Missing shipping or payment information.]
at org.testng.Assert.fail(Assert.java:97)
at org.testng.Assert.assertEqualsImpl(Assert.java:136)
at org.testng.Assert.assertEquals(Assert.java:118)
at org.testng.Assert.assertEquals(Assert.java:575)
at org.testng.Assert.assertEquals(Assert.java:585)
at test.java.CheckOutWeaveSocksTest.CheckOutTestAlternativeFlow1(CheckOutWeaveSocksTest.java:67)
at sun.reflect.NativeMethodAccessorImpl.invoke0(Native Method)
at sun.reflect.NativeMethodAccessorImpl.invoke(NativeMethodAccessorImpl.java:62)
at sun.reflect.DelegatingMethodAccessorImpl.invoke(DelegatingMethodAccessorImpl.java:43)
at java.lang.reflect.Method.invoke(Method.java:498)
at org.testng.internal.MethodInvocationHelper.invokeMethod(MethodInvocationHelper.java:131)
at org.testng.internal.TestInvoker.invokeMethod(TestInvoker.java:570)
at org.testng.internal.TestInvoker.invokeTestMethod(TestInvoker.java:170)
at org.testng.internal.MethodRunner.runInSequence(MethodRunner.java:46)
at org.testng.internal.TestInvoker$MethodInvocationAgent.invoke(TestInvoker.java:790)
at org.testng.internal.TestInvoker.invokeTestMethods(TestInvoker.java:143)
at org.testng.internal.TestMethodWorker.invokeTestMethods(TestMethodWorker.java:146)
at org.testng.internal.TestMethodWorker.run(TestMethodWorker.java:128)
at org.testng.TestRunner.privateRun(TestRunner.java:763)
at org.testng.TestRunner.run(TestRunner.java:594)
at org.testng.SuiteRunner.runTest(SuiteRunner.java:398)
at org.testng.SuiteRunner.runSequentially(SuiteRunner.java:392)
at org.testng.SuiteRunner.privateRun(SuiteRunner.java:355)
at org.testng.SuiteRunner.run(SuiteRunner.java:304)
at org.testng.SuiteRunnerWorker.runSuite(SuiteRunnerWorker.java:53)
at org.testng.SuiteRunnerWorker.run(SuiteRunnerWorker.java:96)
at org.testng.TestNG.runSuitesSequentially(TestNG.java:1146)
at org.testng.TestNG.runSuitesLocally(TestNG.java:1067)
at org.testng.TestNG.runSuites(TestNG.java:997)
at org.testng.TestNG.run(TestNG.java:965)
at org.apache.maven.surefire.testng.TestNGExecutor.run(TestNGExecutor.java:77)
at org.apache.maven.surefire.testng.TestNGDirectoryTestSuite.executeMulti(TestNGDirectoryTestSuite.java:159)
at org.apache.maven.surefire.testng.TestNGDirectoryTestSuite.execute(TestNGDirectoryTestSuite.java:99)
at org.apache.maven.surefire.testng.TestNGProvider.invoke(TestNGProvider.java:106)
at sun.reflect.NativeMethodAccessorImpl.invoke0(Native Method)
at sun.reflect.NativeMethodAccessorImpl.invoke(NativeMethodAccessorImpl.java:62)
at sun.reflect.DelegatingMethodAccessorImpl.invoke(DelegatingMethodAccessorImpl.java:43)
at java.lang.reflect.Method.invoke(Method.java:498)
at org.apache.maven.surefire.util.ReflectionUtils.invokeMethodWithArray(ReflectionUtils.java:189)
at org.apache.maven.surefire.booter.ProviderFactory$ProviderProxy.invoke(ProviderFactory.java:165)
at org.apache.maven.surefire.booter.ProviderFactory.invokeProvider(ProviderFactory.java:85)
at org.apache.maven.surefire.booter.ForkedBooter.runSuitesInProcess(ForkedBooter.java:115)
at org.apache.maven.surefire.booter.ForkedBooter.main(ForkedBooter.java:75)
]]>
            </full-stacktrace>
          </exception> <!-- java.lang.AssertionError -->
          <reporter-output>
          </reporter-output>
        </test-method> <!-- CheckOutTestAlternativeFlow1 -->
        <test-method status="PASS" signature="CheckOutTestAlternativeFlow2()[pri:1, instance:test.java.CheckOutWeaveSocksTest@bdf5e5]" name="CheckOutTestAlternativeFlow2" duration-ms="56298" started-at="2019-03-18T15:17:35 CST" finished-at="2019-03-18T15:18:32 CST">
          <reporter-output>
          </reporter-output>
        </test-method> <!-- CheckOutTestAlternativeFlow2 -->
        <test-method status="PASS" signature="CheckOutTestBasicFlow()[pri:2, instance:test.java.CheckOutWeaveSocksTest@bdf5e5]" name="CheckOutTestBasicFlow" duration-ms="48688" started-at="2019-03-18T15:18:32 CST" finished-at="2019-03-18T15:19:20 CST">
          <reporter-output>
          </reporter-output>
        </test-method> <!-- CheckOutTestBasicFlow -->
        <test-method status="PASS" signature="afterclass()[pri:0, instance:test.java.CheckOutWeaveSocksTest@bdf5e5]" name="afterclass" is-config="true" duration-ms="715" started-at="2019-03-18T15:19:20 CST" finished-at="2019-03-18T15:19:21 CST">
          <reporter-output>
          </reporter-output>
        </test-method> <!-- afterclass -->
      </class> <!-- test.java.CheckOutWeaveSocksTest -->
      <class name="test.java.AddToCartWeaveSocksTest">
        <test-method status="PASS" signature="setUp()[pri:0, instance:test.java.AddToCartWeaveSocksTest@1c24521]" name="setUp" is-config="true" duration-ms="3396" started-at="2019-03-18T15:16:21 CST" finished-at="2019-03-18T15:16:24 CST">
          <reporter-output>
          </reporter-output>
        </test-method> <!-- setUp -->
        <test-method status="PASS" signature="AddToCartBasicFlow()[pri:0, instance:test.java.AddToCartWeaveSocksTest@1c24521]" name="AddToCartBasicFlow" duration-ms="29413" started-at="2019-03-18T15:16:24 CST" finished-at="2019-03-18T15:16:53 CST">
          <reporter-output>
          </reporter-output>
        </test-method> <!-- AddToCartBasicFlow -->
        <test-method status="PASS" signature="afterclass()[pri:0, instance:test.java.AddToCartWeaveSocksTest@1c24521]" name="afterclass" is-config="true" duration-ms="669" started-at="2019-03-18T15:16:53 CST" finished-at="2019-03-18T15:16:54 CST">
          <reporter-output>
          </reporter-output>
        </test-method> <!-- afterclass -->
        <test-method status="PASS" signature="afterTest()[pri:0, instance:test.java.AddToCartWeaveSocksTest@1c24521]" name="afterTest" is-config="true" duration-ms="0" started-at="2019-03-18T15:19:53 CST" finished-at="2019-03-18T15:19:53 CST">
          <reporter-output>
          </reporter-output>
        </test-method> <!-- afterTest -->
      </class> <!-- test.java.AddToCartWeaveSocksTest -->
    </test> <!-- Command line test -->
  </suite> <!-- Command line suite -->
</testng-results>
